2014/03/23 02:45:46 [error] [php] Undefined variable: model (C:\xampp\htdocs\siapmasukui\protected\views\konten\index.php:39)
Stack trace:
#0 C:\xampp\htdocs\yiiframework\web\CController.php(869): KontenController->renderFile()
#1 C:\xampp\htdocs\yiiframework\web\CController.php(782): KontenController->renderPartial()
#2 C:\xampp\htdocs\siapmasukui\protected\controllers\KontenController.php(128): KontenController->render()
#3 C:\xampp\htdocs\yiiframework\web\actions\CInlineAction.php(49): KontenController->actionIndex()
#4 C:\xampp\htdocs\yiiframework\web\CController.php(308): CInlineAction->runWithParams()
#5 C:\xampp\htdocs\yiiframework\web\filters\CFilterChain.php(133): KontenController->runAction()
#6 C:\xampp\htdocs\yiiframework\web\filters\CFilter.php(40): CFilterChain->run()
#7 C:\xampp\htdocs\yiiframework\web\CController.php(1145): CAccessControlFilter->filter()
#8 C:\xampp\htdocs\yiiframework\web\filters\CInlineFilter.php(58): KontenController->filterAccessControl()
#9 C:\xampp\htdocs\yiiframework\web\filters\CFilterChain.php(130): CInlineFilter->filter()
#10 C:\xampp\htdocs\yiiframework\web\CController.php(291): CFilterChain->run()
#11 C:\xampp\htdocs\yiiframework\web\CController.php(265): KontenController->runActionWithFilters()
#12 C:\xampp\htdocs\yiiframework\web\CWebApplication.php(282): KontenController->run()
#13 C:\xampp\htdocs\yiiframework\web\CWebApplication.php(141): CWebApplication->runController()
#14 C:\xampp\htdocs\yiiframework\base\CApplication.php(180): CWebApplication->processRequest()
#15 C:\xampp\htdocs\siapmasukui\index.php(13): CWebApplication->run()
REQUEST_URI=/siapmasukui/index.php/konten
in C:\xampp\htdocs\siapmasukui\protected\views\konten\index.php (39)
in C:\xampp\htdocs\siapmasukui\protected\controllers\KontenController.php (128)
in C:\xampp\htdocs\siapmasukui\index.php (13)
2014/03/23 02:55:35 [error] [exception.CException] exception 'CException' with message 'Property "Konten.kategori" is not defined.' in C:\xampp\htdocs\yiiframework\base\CComponent.php:130
Stack trace:
#0 C:\xampp\htdocs\yiiframework\db\ar\CActiveRecord.php(145): CComponent->__get('kategori')
#1 C:\xampp\htdocs\yiiframework\web\helpers\CHtml.php(2529): CActiveRecord->__get('kategori')
#2 C:\xampp\htdocs\yiiframework\web\helpers\CHtml.php(2252): CHtml::resolveValue(Object(Konten), 'kategori')
#3 C:\xampp\htdocs\yiiframework\web\helpers\CHtml.php(1434): CHtml::activeInputField('text', Object(Konten), 'kategori', Array)
#4 C:\xampp\htdocs\yiiframework\zii\widgets\grid\CDataColumn.php(103): CHtml::activeTextField(Object(Konten), 'kategori', Array)
#5 C:\xampp\htdocs\yiiframework\zii\widgets\grid\CGridColumn.php(116): CDataColumn->renderFilterCellContent()
#6 C:\xampp\htdocs\yiiframework\zii\widgets\grid\CGridView.php(532): CGridColumn->renderFilterCell()
#7 C:\xampp\htdocs\yiiframework\zii\widgets\grid\CGridView.php(510): CGridView->renderFilter()
#8 C:\xampp\htdocs\yiiframework\zii\widgets\grid\CGridView.php(480): CGridView->renderTableHeader()
#9 C:\xampp\htdocs\yiiframework\zii\widgets\CBaseListView.php(167): CGridView->renderItems()
#10 [internal function]: CBaseListView->renderSection(Array)
#11 C:\xampp\htdocs\yiiframework\zii\widgets\CBaseListView.php(150): preg_replace_callback('/{(\w+)}/', Array, '{summary}?{item...')
#12 C:\xampp\htdocs\yiiframework\zii\widgets\CBaseListView.php(135): CBaseListView->renderContent()
#13 C:\xampp\htdocs\yiiframework\web\CBaseController.php(173): CBaseListView->run()
#14 C:\xampp\htdocs\siapmasukui\protected\views\konten\admin.php(46): CBaseController->widget('zii.widgets.gri...', Array)
#15 C:\xampp\htdocs\yiiframework\web\CBaseController.php(126): require('C:\xampp\htdocs...')
#16 C:\xampp\htdocs\yiiframework\web\CBaseController.php(95): CBaseController->renderInternal('C:\xampp\htdocs...', Array, true)
#17 C:\xampp\htdocs\yiiframework\web\CController.php(869): CBaseController->renderFile('C:\xampp\htdocs...', Array, true)
#18 C:\xampp\htdocs\yiiframework\web\CController.php(782): CController->renderPartial('admin', Array, true)
#19 C:\xampp\htdocs\siapmasukui\protected\controllers\KontenController.php(132): CController->render('admin', Array)
#20 C:\xampp\htdocs\yiiframework\web\actions\CInlineAction.php(49): KontenController->actionIndex()
#21 C:\xampp\htdocs\yiiframework\web\CController.php(308): CInlineAction->runWithParams(Array)
#22 C:\xampp\htdocs\yiiframework\web\filters\CFilterChain.php(133): CController->runAction(Object(CInlineAction))
#23 C:\xampp\htdocs\yiiframework\web\filters\CFilter.php(40): CFilterChain->run()
#24 C:\xampp\htdocs\yiiframework\web\CController.php(1145): CFilter->filter(Object(CFilterChain))
#25 C:\xampp\htdocs\yiiframework\web\filters\CInlineFilter.php(58): CController->filterAccessControl(Object(CFilterChain))
#26 C:\xampp\htdocs\yiiframework\web\filters\CFilterChain.php(130): CInlineFilter->filter(Object(CFilterChain))
#27 C:\xampp\htdocs\yiiframework\web\CController.php(291): CFilterChain->run()
#28 C:\xampp\htdocs\yiiframework\web\CController.php(265): CController->runActionWithFilters(Object(CInlineAction), Array)
#29 C:\xampp\htdocs\yiiframework\web\CWebApplication.php(282): CController->run('')
#30 C:\xampp\htdocs\yiiframework\web\CWebApplication.php(141): CWebApplication->runController('konten')
#31 C:\xampp\htdocs\yiiframework\base\CApplication.php(180): CWebApplication->processRequest()
#32 C:\xampp\htdocs\siapmasukui\index.php(13): CApplication->run()
#33 {main}
REQUEST_URI=/siapmasukui/index.php/konten
---
2014/03/23 03:12:42 [error] [exception.CException] exception 'CException' with message 'Property "Konten.kategori" is not defined.' in C:\xampp\htdocs\yiiframework\base\CComponent.php:130
Stack trace:
#0 C:\xampp\htdocs\yiiframework\db\ar\CActiveRecord.php(145): CComponent->__get('kategori')
#1 C:\xampp\htdocs\yiiframework\base\CComponent.php(612) : eval()'d code(1): CActiveRecord->__get('kategori')
#2 C:\xampp\htdocs\yiiframework\base\CComponent.php(612): eval()
#3 C:\xampp\htdocs\yiiframework\zii\widgets\grid\CDataColumn.php(137): CComponent->evaluateExpression('$data->kategori...', Array)
#4 C:\xampp\htdocs\yiiframework\zii\widgets\grid\CGridColumn.php(151): CDataColumn->renderDataCellContent(0, Object(Konten))
#5 C:\xampp\htdocs\yiiframework\zii\widgets\grid\CGridView.php(616): CGridColumn->renderDataCell(0)
#6 C:\xampp\htdocs\yiiframework\zii\widgets\grid\CGridView.php(572): CGridView->renderTableRow(0)
#7 C:\xampp\htdocs\yiiframework\zii\widgets\grid\CGridView.php(482): CGridView->renderTableBody()
#8 C:\xampp\htdocs\yiiframework\zii\widgets\CBaseListView.php(167): CGridView->renderItems()
#9 [internal function]: CBaseListView->renderSection(Array)
#10 C:\xampp\htdocs\yiiframework\zii\widgets\CBaseListView.php(150): preg_replace_callback('/{(\w+)}/', Array, '{summary}?{item...')
#11 C:\xampp\htdocs\yiiframework\zii\widgets\CBaseListView.php(135): CBaseListView->renderContent()
#12 C:\xampp\htdocs\yiiframework\web\CBaseController.php(173): CBaseListView->run()
#13 C:\xampp\htdocs\siapmasukui\protected\views\konten\admin.php(49): CBaseController->widget('zii.widgets.gri...', Array)
#14 C:\xampp\htdocs\yiiframework\web\CBaseController.php(126): require('C:\xampp\htdocs...')
#15 C:\xampp\htdocs\yiiframework\web\CBaseController.php(95): CBaseController->renderInternal('C:\xampp\htdocs...', Array, true)
#16 C:\xampp\htdocs\yiiframework\web\CController.php(869): CBaseController->renderFile('C:\xampp\htdocs...', Array, true)
#17 C:\xampp\htdocs\yiiframework\web\CController.php(782): CController->renderPartial('admin', Array, true)
#18 C:\xampp\htdocs\siapmasukui\protected\controllers\KontenController.php(132): CController->render('admin', Array)
#19 C:\xampp\htdocs\yiiframework\web\actions\CInlineAction.php(49): KontenController->actionIndex()
#20 C:\xampp\htdocs\yiiframework\web\CController.php(308): CInlineAction->runWithParams(Array)
#21 C:\xampp\htdocs\yiiframework\web\filters\CFilterChain.php(133): CController->runAction(Object(CInlineAction))
#22 C:\xampp\htdocs\yiiframework\web\filters\CFilter.php(40): CFilterChain->run()
#23 C:\xampp\htdocs\yiiframework\web\CController.php(1145): CFilter->filter(Object(CFilterChain))
#24 C:\xampp\htdocs\yiiframework\web\filters\CInlineFilter.php(58): CController->filterAccessControl(Object(CFilterChain))
#25 C:\xampp\htdocs\yiiframework\web\filters\CFilterChain.php(130): CInlineFilter->filter(Object(CFilterChain))
#26 C:\xampp\htdocs\yiiframework\web\CController.php(291): CFilterChain->run()
#27 C:\xampp\htdocs\yiiframework\web\CController.php(265): CController->runActionWithFilters(Object(CInlineAction), Array)
#28 C:\xampp\htdocs\yiiframework\web\CWebApplication.php(282): CController->run('index')
#29 C:\xampp\htdocs\yiiframework\web\CWebApplication.php(141): CWebApplication->runController('konten/index')
#30 C:\xampp\htdocs\yiiframework\base\CApplication.php(180): CWebApplication->processRequest()
#31 C:\xampp\htdocs\siapmasukui\index.php(13): CApplication->run()
#32 {main}
REQUEST_URI=/siapmasukui/index.php/konten/index
---
2014/03/23 03:13:02 [error] [exception.CException] exception 'CException' with message 'Property "Konten.idkategori" is not defined.' in C:\xampp\htdocs\yiiframework\base\CComponent.php:130
Stack trace:
#0 C:\xampp\htdocs\yiiframework\db\ar\CActiveRecord.php(145): CComponent->__get('idkategori')
#1 C:\xampp\htdocs\yiiframework\base\CComponent.php(612) : eval()'d code(1): CActiveRecord->__get('idkategori')
#2 C:\xampp\htdocs\yiiframework\base\CComponent.php(612): eval()
#3 C:\xampp\htdocs\yiiframework\zii\widgets\grid\CDataColumn.php(137): CComponent->evaluateExpression('$data->idkatego...', Array)
#4 C:\xampp\htdocs\yiiframework\zii\widgets\grid\CGridColumn.php(151): CDataColumn->renderDataCellContent(0, Object(Konten))
#5 C:\xampp\htdocs\yiiframework\zii\widgets\grid\CGridView.php(616): CGridColumn->renderDataCell(0)
#6 C:\xampp\htdocs\yiiframework\zii\widgets\grid\CGridView.php(572): CGridView->renderTableRow(0)
#7 C:\xampp\htdocs\yiiframework\zii\widgets\grid\CGridView.php(482): CGridView->renderTableBody()
#8 C:\xampp\htdocs\yiiframework\zii\widgets\CBaseListView.php(167): CGridView->renderItems()
#9 [internal function]: CBaseListView->renderSection(Array)
#10 C:\xampp\htdocs\yiiframework\zii\widgets\CBaseListView.php(150): preg_replace_callback('/{(\w+)}/', Array, '{summary}?{item...')
#11 C:\xampp\htdocs\yiiframework\zii\widgets\CBaseListView.php(135): CBaseListView->renderContent()
#12 C:\xampp\htdocs\yiiframework\web\CBaseController.php(173): CBaseListView->run()
#13 C:\xampp\htdocs\siapmasukui\protected\views\konten\admin.php(49): CBaseController->widget('zii.widgets.gri...', Array)
#14 C:\xampp\htdocs\yiiframework\web\CBaseController.php(126): require('C:\xampp\htdocs...')
#15 C:\xampp\htdocs\yiiframework\web\CBaseController.php(95): CBaseController->renderInternal('C:\xampp\htdocs...', Array, true)
#16 C:\xampp\htdocs\yiiframework\web\CController.php(869): CBaseController->renderFile('C:\xampp\htdocs...', Array, true)
#17 C:\xampp\htdocs\yiiframework\web\CController.php(782): CController->renderPartial('admin', Array, true)
#18 C:\xampp\htdocs\siapmasukui\protected\controllers\KontenController.php(132): CController->render('admin', Array)
#19 C:\xampp\htdocs\yiiframework\web\actions\CInlineAction.php(49): KontenController->actionIndex()
#20 C:\xampp\htdocs\yiiframework\web\CController.php(308): CInlineAction->runWithParams(Array)
#21 C:\xampp\htdocs\yiiframework\web\filters\CFilterChain.php(133): CController->runAction(Object(CInlineAction))
#22 C:\xampp\htdocs\yiiframework\web\filters\CFilter.php(40): CFilterChain->run()
#23 C:\xampp\htdocs\yiiframework\web\CController.php(1145): CFilter->filter(Object(CFilterChain))
#24 C:\xampp\htdocs\yiiframework\web\filters\CInlineFilter.php(58): CController->filterAccessControl(Object(CFilterChain))
#25 C:\xampp\htdocs\yiiframework\web\filters\CFilterChain.php(130): CInlineFilter->filter(Object(CFilterChain))
#26 C:\xampp\htdocs\yiiframework\web\CController.php(291): CFilterChain->run()
#27 C:\xampp\htdocs\yiiframework\web\CController.php(265): CController->runActionWithFilters(Object(CInlineAction), Array)
#28 C:\xampp\htdocs\yiiframework\web\CWebApplication.php(282): CController->run('index')
#29 C:\xampp\htdocs\yiiframework\web\CWebApplication.php(141): CWebApplication->runController('konten/index')
#30 C:\xampp\htdocs\yiiframework\base\CApplication.php(180): CWebApplication->processRequest()
#31 C:\xampp\htdocs\siapmasukui\index.php(13): CApplication->run()
#32 {main}
REQUEST_URI=/siapmasukui/index.php/konten/index
---
2014/03/23 03:15:26 [error] [exception.CException] exception 'CException' with message 'Property "Konten.kategori" is not defined.' in C:\xampp\htdocs\yiiframework\base\CComponent.php:130
Stack trace:
#0 C:\xampp\htdocs\yiiframework\db\ar\CActiveRecord.php(145): CComponent->__get('kategori')
#1 C:\xampp\htdocs\siapmasukui\protected\views\konten\admin.php(41): CActiveRecord->__get('kategori')
#2 C:\xampp\htdocs\yiiframework\web\CBaseController.php(126): require('C:\xampp\htdocs...')
#3 C:\xampp\htdocs\yiiframework\web\CBaseController.php(95): CBaseController->renderInternal('C:\xampp\htdocs...', Array, true)
#4 C:\xampp\htdocs\yiiframework\web\CController.php(869): CBaseController->renderFile('C:\xampp\htdocs...', Array, true)
#5 C:\xampp\htdocs\yiiframework\web\CController.php(782): CController->renderPartial('admin', Array, true)
#6 C:\xampp\htdocs\siapmasukui\protected\controllers\KontenController.php(132): CController->render('admin', Array)
#7 C:\xampp\htdocs\yiiframework\web\actions\CInlineAction.php(49): KontenController->actionIndex()
#8 C:\xampp\htdocs\yiiframework\web\CController.php(308): CInlineAction->runWithParams(Array)
#9 C:\xampp\htdocs\yiiframework\web\filters\CFilterChain.php(133): CController->runAction(Object(CInlineAction))
#10 C:\xampp\htdocs\yiiframework\web\filters\CFilter.php(40): CFilterChain->run()
#11 C:\xampp\htdocs\yiiframework\web\CController.php(1145): CFilter->filter(Object(CFilterChain))
#12 C:\xampp\htdocs\yiiframework\web\filters\CInlineFilter.php(58): CController->filterAccessControl(Object(CFilterChain))
#13 C:\xampp\htdocs\yiiframework\web\filters\CFilterChain.php(130): CInlineFilter->filter(Object(CFilterChain))
#14 C:\xampp\htdocs\yiiframework\web\CController.php(291): CFilterChain->run()
#15 C:\xampp\htdocs\yiiframework\web\CController.php(265): CController->runActionWithFilters(Object(CInlineAction), Array)
#16 C:\xampp\htdocs\yiiframework\web\CWebApplication.php(282): CController->run('index')
#17 C:\xampp\htdocs\yiiframework\web\CWebApplication.php(141): CWebApplication->runController('konten/index')
#18 C:\xampp\htdocs\yiiframework\base\CApplication.php(180): CWebApplication->processRequest()
#19 C:\xampp\htdocs\siapmasukui\index.php(13): CApplication->run()
#20 {main}
REQUEST_URI=/siapmasukui/index.php/konten/index
---
2014/03/23 03:16:50 [error] [exception.CException] exception 'CException' with message 'Property "Konten.kategori" is not defined.' in C:\xampp\htdocs\yiiframework\base\CComponent.php:130
Stack trace:
#0 C:\xampp\htdocs\yiiframework\db\ar\CActiveRecord.php(145): CComponent->__get('kategori')
#1 C:\xampp\htdocs\yiiframework\base\CComponent.php(612) : eval()'d code(1): CActiveRecord->__get('kategori')
#2 C:\xampp\htdocs\yiiframework\base\CComponent.php(612): eval()
#3 C:\xampp\htdocs\yiiframework\zii\widgets\grid\CDataColumn.php(137): CComponent->evaluateExpression('$data->kategori...', Array)
#4 C:\xampp\htdocs\yiiframework\zii\widgets\grid\CGridColumn.php(151): CDataColumn->renderDataCellContent(0, Object(Konten))
#5 C:\xampp\htdocs\yiiframework\zii\widgets\grid\CGridView.php(616): CGridColumn->renderDataCell(0)
#6 C:\xampp\htdocs\yiiframework\zii\widgets\grid\CGridView.php(572): CGridView->renderTableRow(0)
#7 C:\xampp\htdocs\yiiframework\zii\widgets\grid\CGridView.php(482): CGridView->renderTableBody()
#8 C:\xampp\htdocs\yiiframework\zii\widgets\CBaseListView.php(167): CGridView->renderItems()
#9 [internal function]: CBaseListView->renderSection(Array)
#10 C:\xampp\htdocs\yiiframework\zii\widgets\CBaseListView.php(150): preg_replace_callback('/{(\w+)}/', Array, '{summary}?{item...')
#11 C:\xampp\htdocs\yiiframework\zii\widgets\CBaseListView.php(135): CBaseListView->renderContent()
#12 C:\xampp\htdocs\yiiframework\web\CBaseController.php(173): CBaseListView->run()
#13 C:\xampp\htdocs\siapmasukui\protected\views\konten\admin.php(49): CBaseController->widget('zii.widgets.gri...', Array)
#14 C:\xampp\htdocs\yiiframework\web\CBaseController.php(126): require('C:\xampp\htdocs...')
#15 C:\xampp\htdocs\yiiframework\web\CBaseController.php(95): CBaseController->renderInternal('C:\xampp\htdocs...', Array, true)
#16 C:\xampp\htdocs\yiiframework\web\CController.php(869): CBaseController->renderFile('C:\xampp\htdocs...', Array, true)
#17 C:\xampp\htdocs\yiiframework\web\CController.php(782): CController->renderPartial('admin', Array, true)
#18 C:\xampp\htdocs\siapmasukui\protected\controllers\KontenController.php(132): CController->render('admin', Array)
#19 C:\xampp\htdocs\yiiframework\web\actions\CInlineAction.php(49): KontenController->actionIndex()
#20 C:\xampp\htdocs\yiiframework\web\CController.php(308): CInlineAction->runWithParams(Array)
#21 C:\xampp\htdocs\yiiframework\web\filters\CFilterChain.php(133): CController->runAction(Object(CInlineAction))
#22 C:\xampp\htdocs\yiiframework\web\filters\CFilter.php(40): CFilterChain->run()
#23 C:\xampp\htdocs\yiiframework\web\CController.php(1145): CFilter->filter(Object(CFilterChain))
#24 C:\xampp\htdocs\yiiframework\web\filters\CInlineFilter.php(58): CController->filterAccessControl(Object(CFilterChain))
#25 C:\xampp\htdocs\yiiframework\web\filters\CFilterChain.php(130): CInlineFilter->filter(Object(CFilterChain))
#26 C:\xampp\htdocs\yiiframework\web\CController.php(291): CFilterChain->run()
#27 C:\xampp\htdocs\yiiframework\web\CController.php(265): CController->runActionWithFilters(Object(CInlineAction), Array)
#28 C:\xampp\htdocs\yiiframework\web\CWebApplication.php(282): CController->run('index')
#29 C:\xampp\htdocs\yiiframework\web\CWebApplication.php(141): CWebApplication->runController('konten/index')
#30 C:\xampp\htdocs\yiiframework\base\CApplication.php(180): CWebApplication->processRequest()
#31 C:\xampp\htdocs\siapmasukui\index.php(13): CApplication->run()
#32 {main}
REQUEST_URI=/siapmasukui/index.php/konten/index
---
2014/03/23 03:18:16 [error] [exception.CException] exception 'CException' with message 'Property "Konten.idcategori" is not defined.' in C:\xampp\htdocs\yiiframework\base\CComponent.php:130
Stack trace:
#0 C:\xampp\htdocs\yiiframework\db\ar\CActiveRecord.php(145): CComponent->__get('idcategori')
#1 C:\xampp\htdocs\yiiframework\base\CComponent.php(612) : eval()'d code(1): CActiveRecord->__get('idcategori')
#2 C:\xampp\htdocs\yiiframework\base\CComponent.php(612): eval()
#3 C:\xampp\htdocs\yiiframework\zii\widgets\grid\CDataColumn.php(137): CComponent->evaluateExpression('$data->idcatego...', Array)
#4 C:\xampp\htdocs\yiiframework\zii\widgets\grid\CGridColumn.php(151): CDataColumn->renderDataCellContent(0, Object(Konten))
#5 C:\xampp\htdocs\yiiframework\zii\widgets\grid\CGridView.php(616): CGridColumn->renderDataCell(0)
#6 C:\xampp\htdocs\yiiframework\zii\widgets\grid\CGridView.php(572): CGridView->renderTableRow(0)
#7 C:\xampp\htdocs\yiiframework\zii\widgets\grid\CGridView.php(482): CGridView->renderTableBody()
#8 C:\xampp\htdocs\yiiframework\zii\widgets\CBaseListView.php(167): CGridView->renderItems()
#9 [internal function]: CBaseListView->renderSection(Array)
#10 C:\xampp\htdocs\yiiframework\zii\widgets\CBaseListView.php(150): preg_replace_callback('/{(\w+)}/', Array, '{summary}?{item...')
#11 C:\xampp\htdocs\yiiframework\zii\widgets\CBaseListView.php(135): CBaseListView->renderContent()
#12 C:\xampp\htdocs\yiiframework\web\CBaseController.php(173): CBaseListView->run()
#13 C:\xampp\htdocs\siapmasukui\protected\views\konten\admin.php(49): CBaseController->widget('zii.widgets.gri...', Array)
#14 C:\xampp\htdocs\yiiframework\web\CBaseController.php(126): require('C:\xampp\htdocs...')
#15 C:\xampp\htdocs\yiiframework\web\CBaseController.php(95): CBaseController->renderInternal('C:\xampp\htdocs...', Array, true)
#16 C:\xampp\htdocs\yiiframework\web\CController.php(869): CBaseController->renderFile('C:\xampp\htdocs...', Array, true)
#17 C:\xampp\htdocs\yiiframework\web\CController.php(782): CController->renderPartial('admin', Array, true)
#18 C:\xampp\htdocs\siapmasukui\protected\controllers\KontenController.php(132): CController->render('admin', Array)
#19 C:\xampp\htdocs\yiiframework\web\actions\CInlineAction.php(49): KontenController->actionIndex()
#20 C:\xampp\htdocs\yiiframework\web\CController.php(308): CInlineAction->runWithParams(Array)
#21 C:\xampp\htdocs\yiiframework\web\filters\CFilterChain.php(133): CController->runAction(Object(CInlineAction))
#22 C:\xampp\htdocs\yiiframework\web\filters\CFilter.php(40): CFilterChain->run()
#23 C:\xampp\htdocs\yiiframework\web\CController.php(1145): CFilter->filter(Object(CFilterChain))
#24 C:\xampp\htdocs\yiiframework\web\filters\CInlineFilter.php(58): CController->filterAccessControl(Object(CFilterChain))
#25 C:\xampp\htdocs\yiiframework\web\filters\CFilterChain.php(130): CInlineFilter->filter(Object(CFilterChain))
#26 C:\xampp\htdocs\yiiframework\web\CController.php(291): CFilterChain->run()
#27 C:\xampp\htdocs\yiiframework\web\CController.php(265): CController->runActionWithFilters(Object(CInlineAction), Array)
#28 C:\xampp\htdocs\yiiframework\web\CWebApplication.php(282): CController->run('index')
#29 C:\xampp\htdocs\yiiframework\web\CWebApplication.php(141): CWebApplication->runController('konten/index')
#30 C:\xampp\htdocs\yiiframework\base\CApplication.php(180): CWebApplication->processRequest()
#31 C:\xampp\htdocs\siapmasukui\index.php(13): CApplication->run()
#32 {main}
REQUEST_URI=/siapmasukui/index.php/konten/index
---
2014/03/23 03:18:25 [error] [exception.CException] exception 'CException' with message 'Property "Konten.Kategori" is not defined.' in C:\xampp\htdocs\yiiframework\base\CComponent.php:130
Stack trace:
#0 C:\xampp\htdocs\yiiframework\db\ar\CActiveRecord.php(145): CComponent->__get('Kategori')
#1 C:\xampp\htdocs\yiiframework\base\CComponent.php(612) : eval()'d code(1): CActiveRecord->__get('Kategori')
#2 C:\xampp\htdocs\yiiframework\base\CComponent.php(612): eval()
#3 C:\xampp\htdocs\yiiframework\zii\widgets\grid\CDataColumn.php(137): CComponent->evaluateExpression('$data->Kategori...', Array)
#4 C:\xampp\htdocs\yiiframework\zii\widgets\grid\CGridColumn.php(151): CDataColumn->renderDataCellContent(0, Object(Konten))
#5 C:\xampp\htdocs\yiiframework\zii\widgets\grid\CGridView.php(616): CGridColumn->renderDataCell(0)
#6 C:\xampp\htdocs\yiiframework\zii\widgets\grid\CGridView.php(572): CGridView->renderTableRow(0)
#7 C:\xampp\htdocs\yiiframework\zii\widgets\grid\CGridView.php(482): CGridView->renderTableBody()
#8 C:\xampp\htdocs\yiiframework\zii\widgets\CBaseListView.php(167): CGridView->renderItems()
#9 [internal function]: CBaseListView->renderSection(Array)
#10 C:\xampp\htdocs\yiiframework\zii\widgets\CBaseListView.php(150): preg_replace_callback('/{(\w+)}/', Array, '{summary}?{item...')
#11 C:\xampp\htdocs\yiiframework\zii\widgets\CBaseListView.php(135): CBaseListView->renderContent()
#12 C:\xampp\htdocs\yiiframework\web\CBaseController.php(173): CBaseListView->run()
#13 C:\xampp\htdocs\siapmasukui\protected\views\konten\admin.php(49): CBaseController->widget('zii.widgets.gri...', Array)
#14 C:\xampp\htdocs\yiiframework\web\CBaseController.php(126): require('C:\xampp\htdocs...')
#15 C:\xampp\htdocs\yiiframework\web\CBaseController.php(95): CBaseController->renderInternal('C:\xampp\htdocs...', Array, true)
#16 C:\xampp\htdocs\yiiframework\web\CController.php(869): CBaseController->renderFile('C:\xampp\htdocs...', Array, true)
#17 C:\xampp\htdocs\yiiframework\web\CController.php(782): CController->renderPartial('admin', Array, true)
#18 C:\xampp\htdocs\siapmasukui\protected\controllers\KontenController.php(132): CController->render('admin', Array)
#19 C:\xampp\htdocs\yiiframework\web\actions\CInlineAction.php(49): KontenController->actionIndex()
#20 C:\xampp\htdocs\yiiframework\web\CController.php(308): CInlineAction->runWithParams(Array)
#21 C:\xampp\htdocs\yiiframework\web\filters\CFilterChain.php(133): CController->runAction(Object(CInlineAction))
#22 C:\xampp\htdocs\yiiframework\web\filters\CFilter.php(40): CFilterChain->run()
#23 C:\xampp\htdocs\yiiframework\web\CController.php(1145): CFilter->filter(Object(CFilterChain))
#24 C:\xampp\htdocs\yiiframework\web\filters\CInlineFilter.php(58): CController->filterAccessControl(Object(CFilterChain))
#25 C:\xampp\htdocs\yiiframework\web\filters\CFilterChain.php(130): CInlineFilter->filter(Object(CFilterChain))
#26 C:\xampp\htdocs\yiiframework\web\CController.php(291): CFilterChain->run()
#27 C:\xampp\htdocs\yiiframework\web\CController.php(265): CController->runActionWithFilters(Object(CInlineAction), Array)
#28 C:\xampp\htdocs\yiiframework\web\CWebApplication.php(282): CController->run('index')
#29 C:\xampp\htdocs\yiiframework\web\CWebApplication.php(141): CWebApplication->runController('konten/index')
#30 C:\xampp\htdocs\yiiframework\base\CApplication.php(180): CWebApplication->processRequest()
#31 C:\xampp\htdocs\siapmasukui\index.php(13): CApplication->run()
#32 {main}
REQUEST_URI=/siapmasukui/index.php/konten/index
---
2014/03/23 03:19:28 [error] [exception.CException] exception 'CException' with message 'Property "Konten.kategori" is not defined.' in C:\xampp\htdocs\yiiframework\base\CComponent.php:130
Stack trace:
#0 C:\xampp\htdocs\yiiframework\db\ar\CActiveRecord.php(145): CComponent->__get('kategori')
#1 C:\xampp\htdocs\yiiframework\base\CComponent.php(612) : eval()'d code(1): CActiveRecord->__get('kategori')
#2 C:\xampp\htdocs\yiiframework\base\CComponent.php(612): eval()
#3 C:\xampp\htdocs\yiiframework\zii\widgets\grid\CDataColumn.php(137): CComponent->evaluateExpression('$data->kategori...', Array)
#4 C:\xampp\htdocs\yiiframework\zii\widgets\grid\CGridColumn.php(151): CDataColumn->renderDataCellContent(0, Object(Konten))
#5 C:\xampp\htdocs\yiiframework\zii\widgets\grid\CGridView.php(616): CGridColumn->renderDataCell(0)
#6 C:\xampp\htdocs\yiiframework\zii\widgets\grid\CGridView.php(572): CGridView->renderTableRow(0)
#7 C:\xampp\htdocs\yiiframework\zii\widgets\grid\CGridView.php(482): CGridView->renderTableBody()
#8 C:\xampp\htdocs\yiiframework\zii\widgets\CBaseListView.php(167): CGridView->renderItems()
#9 [internal function]: CBaseListView->renderSection(Array)
#10 C:\xampp\htdocs\yiiframework\zii\widgets\CBaseListView.php(150): preg_replace_callback('/{(\w+)}/', Array, '{summary}?{item...')
#11 C:\xampp\htdocs\yiiframework\zii\widgets\CBaseListView.php(135): CBaseListView->renderContent()
#12 C:\xampp\htdocs\yiiframework\web\CBaseController.php(173): CBaseListView->run()
#13 C:\xampp\htdocs\siapmasukui\protected\views\konten\admin.php(49): CBaseController->widget('zii.widgets.gri...', Array)
#14 C:\xampp\htdocs\yiiframework\web\CBaseController.php(126): require('C:\xampp\htdocs...')
#15 C:\xampp\htdocs\yiiframework\web\CBaseController.php(95): CBaseController->renderInternal('C:\xampp\htdocs...', Array, true)
#16 C:\xampp\htdocs\yiiframework\web\CController.php(869): CBaseController->renderFile('C:\xampp\htdocs...', Array, true)
#17 C:\xampp\htdocs\yiiframework\web\CController.php(782): CController->renderPartial('admin', Array, true)
#18 C:\xampp\htdocs\siapmasukui\protected\controllers\KontenController.php(132): CController->render('admin', Array)
#19 C:\xampp\htdocs\yiiframework\web\actions\CInlineAction.php(49): KontenController->actionIndex()
#20 C:\xampp\htdocs\yiiframework\web\CController.php(308): CInlineAction->runWithParams(Array)
#21 C:\xampp\htdocs\yiiframework\web\filters\CFilterChain.php(133): CController->runAction(Object(CInlineAction))
#22 C:\xampp\htdocs\yiiframework\web\filters\CFilter.php(40): CFilterChain->run()
#23 C:\xampp\htdocs\yiiframework\web\CController.php(1145): CFilter->filter(Object(CFilterChain))
#24 C:\xampp\htdocs\yiiframework\web\filters\CInlineFilter.php(58): CController->filterAccessControl(Object(CFilterChain))
#25 C:\xampp\htdocs\yiiframework\web\filters\CFilterChain.php(130): CInlineFilter->filter(Object(CFilterChain))
#26 C:\xampp\htdocs\yiiframework\web\CController.php(291): CFilterChain->run()
#27 C:\xampp\htdocs\yiiframework\web\CController.php(265): CController->runActionWithFilters(Object(CInlineAction), Array)
#28 C:\xampp\htdocs\yiiframework\web\CWebApplication.php(282): CController->run('index')
#29 C:\xampp\htdocs\yiiframework\web\CWebApplication.php(141): CWebApplication->runController('konten/index')
#30 C:\xampp\htdocs\yiiframework\base\CApplication.php(180): CWebApplication->processRequest()
#31 C:\xampp\htdocs\siapmasukui\index.php(13): CApplication->run()
#32 {main}
REQUEST_URI=/siapmasukui/index.php/konten/index
---
2014/03/23 03:26:19 [error] [exception.CException] exception 'CException' with message 'Property "Konten.kategori" is not defined.' in C:\xampp\htdocs\yiiframework\base\CComponent.php:130
Stack trace:
#0 C:\xampp\htdocs\yiiframework\db\ar\CActiveRecord.php(145): CComponent->__get('kategori')
#1 C:\xampp\htdocs\yiiframework\base\CComponent.php(612) : eval()'d code(1): CActiveRecord->__get('kategori')
#2 C:\xampp\htdocs\yiiframework\base\CComponent.php(612): eval()
#3 C:\xampp\htdocs\yiiframework\zii\widgets\grid\CDataColumn.php(137): CComponent->evaluateExpression('$data->kategori...', Array)
#4 C:\xampp\htdocs\yiiframework\zii\widgets\grid\CGridColumn.php(151): CDataColumn->renderDataCellContent(0, Object(Konten))
#5 C:\xampp\htdocs\yiiframework\zii\widgets\grid\CGridView.php(616): CGridColumn->renderDataCell(0)
#6 C:\xampp\htdocs\yiiframework\zii\widgets\grid\CGridView.php(572): CGridView->renderTableRow(0)
#7 C:\xampp\htdocs\yiiframework\zii\widgets\grid\CGridView.php(482): CGridView->renderTableBody()
#8 C:\xampp\htdocs\yiiframework\zii\widgets\CBaseListView.php(167): CGridView->renderItems()
#9 [internal function]: CBaseListView->renderSection(Array)
#10 C:\xampp\htdocs\yiiframework\zii\widgets\CBaseListView.php(150): preg_replace_callback('/{(\w+)}/', Array, '{summary}?{item...')
#11 C:\xampp\htdocs\yiiframework\zii\widgets\CBaseListView.php(135): CBaseListView->renderContent()
#12 C:\xampp\htdocs\yiiframework\web\CBaseController.php(173): CBaseListView->run()
#13 C:\xampp\htdocs\siapmasukui\protected\views\konten\admin.php(53): CBaseController->widget('zii.widgets.gri...', Array)
#14 C:\xampp\htdocs\yiiframework\web\CBaseController.php(126): require('C:\xampp\htdocs...')
#15 C:\xampp\htdocs\yiiframework\web\CBaseController.php(95): CBaseController->renderInternal('C:\xampp\htdocs...', Array, true)
#16 C:\xampp\htdocs\yiiframework\web\CController.php(869): CBaseController->renderFile('C:\xampp\htdocs...', Array, true)
#17 C:\xampp\htdocs\yiiframework\web\CController.php(782): CController->renderPartial('admin', Array, true)
#18 C:\xampp\htdocs\siapmasukui\protected\controllers\KontenController.php(132): CController->render('admin', Array)
#19 C:\xampp\htdocs\yiiframework\web\actions\CInlineAction.php(49): KontenController->actionIndex()
#20 C:\xampp\htdocs\yiiframework\web\CController.php(308): CInlineAction->runWithParams(Array)
#21 C:\xampp\htdocs\yiiframework\web\filters\CFilterChain.php(133): CController->runAction(Object(CInlineAction))
#22 C:\xampp\htdocs\yiiframework\web\filters\CFilter.php(40): CFilterChain->run()
#23 C:\xampp\htdocs\yiiframework\web\CController.php(1145): CFilter->filter(Object(CFilterChain))
#24 C:\xampp\htdocs\yiiframework\web\filters\CInlineFilter.php(58): CController->filterAccessControl(Object(CFilterChain))
#25 C:\xampp\htdocs\yiiframework\web\filters\CFilterChain.php(130): CInlineFilter->filter(Object(CFilterChain))
#26 C:\xampp\htdocs\yiiframework\web\CController.php(291): CFilterChain->run()
#27 C:\xampp\htdocs\yiiframework\web\CController.php(265): CController->runActionWithFilters(Object(CInlineAction), Array)
#28 C:\xampp\htdocs\yiiframework\web\CWebApplication.php(282): CController->run('index')
#29 C:\xampp\htdocs\yiiframework\web\CWebApplication.php(141): CWebApplication->runController('konten/index')
#30 C:\xampp\htdocs\yiiframework\base\CApplication.php(180): CWebApplication->processRequest()
#31 C:\xampp\htdocs\siapmasukui\index.php(13): CApplication->run()
#32 {main}
REQUEST_URI=/siapmasukui/index.php/konten/index
---
2014/03/23 03:30:08 [error] [exception.CException] exception 'CException' with message 'Property "Konten.kategori" is not defined.' in C:\xampp\htdocs\yiiframework\base\CComponent.php:130
Stack trace:
#0 C:\xampp\htdocs\yiiframework\db\ar\CActiveRecord.php(145): CComponent->__get('kategori')
#1 C:\xampp\htdocs\yiiframework\base\CComponent.php(612) : eval()'d code(1): CActiveRecord->__get('kategori')
#2 C:\xampp\htdocs\yiiframework\base\CComponent.php(612): eval()
#3 C:\xampp\htdocs\yiiframework\zii\widgets\grid\CDataColumn.php(137): CComponent->evaluateExpression('$data->kategori...', Array)
#4 C:\xampp\htdocs\yiiframework\zii\widgets\grid\CGridColumn.php(151): CDataColumn->renderDataCellContent(0, Object(Konten))
#5 C:\xampp\htdocs\yiiframework\zii\widgets\grid\CGridView.php(616): CGridColumn->renderDataCell(0)
#6 C:\xampp\htdocs\yiiframework\zii\widgets\grid\CGridView.php(572): CGridView->renderTableRow(0)
#7 C:\xampp\htdocs\yiiframework\zii\widgets\grid\CGridView.php(482): CGridView->renderTableBody()
#8 C:\xampp\htdocs\yiiframework\zii\widgets\CBaseListView.php(167): CGridView->renderItems()
#9 [internal function]: CBaseListView->renderSection(Array)
#10 C:\xampp\htdocs\yiiframework\zii\widgets\CBaseListView.php(150): preg_replace_callback('/{(\w+)}/', Array, '{summary}?{item...')
#11 C:\xampp\htdocs\yiiframework\zii\widgets\CBaseListView.php(135): CBaseListView->renderContent()
#12 C:\xampp\htdocs\yiiframework\web\CBaseController.php(173): CBaseListView->run()
#13 C:\xampp\htdocs\siapmasukui\protected\views\konten\admin.php(52): CBaseController->widget('zii.widgets.gri...', Array)
#14 C:\xampp\htdocs\yiiframework\web\CBaseController.php(126): require('C:\xampp\htdocs...')
#15 C:\xampp\htdocs\yiiframework\web\CBaseController.php(95): CBaseController->renderInternal('C:\xampp\htdocs...', Array, true)
#16 C:\xampp\htdocs\yiiframework\web\CController.php(869): CBaseController->renderFile('C:\xampp\htdocs...', Array, true)
#17 C:\xampp\htdocs\yiiframework\web\CController.php(782): CController->renderPartial('admin', Array, true)
#18 C:\xampp\htdocs\siapmasukui\protected\controllers\KontenController.php(132): CController->render('admin', Array)
#19 C:\xampp\htdocs\yiiframework\web\actions\CInlineAction.php(49): KontenController->actionIndex()
#20 C:\xampp\htdocs\yiiframework\web\CController.php(308): CInlineAction->runWithParams(Array)
#21 C:\xampp\htdocs\yiiframework\web\filters\CFilterChain.php(133): CController->runAction(Object(CInlineAction))
#22 C:\xampp\htdocs\yiiframework\web\filters\CFilter.php(40): CFilterChain->run()
#23 C:\xampp\htdocs\yiiframework\web\CController.php(1145): CFilter->filter(Object(CFilterChain))
#24 C:\xampp\htdocs\yiiframework\web\filters\CInlineFilter.php(58): CController->filterAccessControl(Object(CFilterChain))
#25 C:\xampp\htdocs\yiiframework\web\filters\CFilterChain.php(130): CInlineFilter->filter(Object(CFilterChain))
#26 C:\xampp\htdocs\yiiframework\web\CController.php(291): CFilterChain->run()
#27 C:\xampp\htdocs\yiiframework\web\CController.php(265): CController->runActionWithFilters(Object(CInlineAction), Array)
#28 C:\xampp\htdocs\yiiframework\web\CWebApplication.php(282): CController->run('index')
#29 C:\xampp\htdocs\yiiframework\web\CWebApplication.php(141): CWebApplication->runController('konten/index')
#30 C:\xampp\htdocs\yiiframework\base\CApplication.php(180): CWebApplication->processRequest()
#31 C:\xampp\htdocs\siapmasukui\index.php(13): CApplication->run()
#32 {main}
REQUEST_URI=/siapmasukui/index.php/konten/index
---
2014/03/23 03:31:55 [error] [exception.CException] exception 'CException' with message 'Property "Konten.kategori" is not defined.' in C:\xampp\htdocs\yiiframework\base\CComponent.php:130
Stack trace:
#0 C:\xampp\htdocs\yiiframework\db\ar\CActiveRecord.php(145): CComponent->__get('kategori')
#1 C:\xampp\htdocs\yiiframework\base\CComponent.php(612) : eval()'d code(1): CActiveRecord->__get('kategori')
#2 C:\xampp\htdocs\yiiframework\base\CComponent.php(612): eval()
#3 C:\xampp\htdocs\yiiframework\zii\widgets\grid\CDataColumn.php(137): CComponent->evaluateExpression('$data->kategori...', Array)
#4 C:\xampp\htdocs\yiiframework\zii\widgets\grid\CGridColumn.php(151): CDataColumn->renderDataCellContent(0, Object(Konten))
#5 C:\xampp\htdocs\yiiframework\zii\widgets\grid\CGridView.php(616): CGridColumn->renderDataCell(0)
#6 C:\xampp\htdocs\yiiframework\zii\widgets\grid\CGridView.php(572): CGridView->renderTableRow(0)
#7 C:\xampp\htdocs\yiiframework\zii\widgets\grid\CGridView.php(482): CGridView->renderTableBody()
#8 C:\xampp\htdocs\yiiframework\zii\widgets\CBaseListView.php(167): CGridView->renderItems()
#9 [internal function]: CBaseListView->renderSection(Array)
#10 C:\xampp\htdocs\yiiframework\zii\widgets\CBaseListView.php(150): preg_replace_callback('/{(\w+)}/', Array, '{summary}?{item...')
#11 C:\xampp\htdocs\yiiframework\zii\widgets\CBaseListView.php(135): CBaseListView->renderContent()
#12 C:\xampp\htdocs\yiiframework\web\CBaseController.php(173): CBaseListView->run()
#13 C:\xampp\htdocs\siapmasukui\protected\views\konten\admin.php(52): CBaseController->widget('zii.widgets.gri...', Array)
#14 C:\xampp\htdocs\yiiframework\web\CBaseController.php(126): require('C:\xampp\htdocs...')
#15 C:\xampp\htdocs\yiiframework\web\CBaseController.php(95): CBaseController->renderInternal('C:\xampp\htdocs...', Array, true)
#16 C:\xampp\htdocs\yiiframework\web\CController.php(869): CBaseController->renderFile('C:\xampp\htdocs...', Array, true)
#17 C:\xampp\htdocs\yiiframework\web\CController.php(782): CController->renderPartial('admin', Array, true)
#18 C:\xampp\htdocs\siapmasukui\protected\controllers\KontenController.php(132): CController->render('admin', Array)
#19 C:\xampp\htdocs\yiiframework\web\actions\CInlineAction.php(49): KontenController->actionIndex()
#20 C:\xampp\htdocs\yiiframework\web\CController.php(308): CInlineAction->runWithParams(Array)
#21 C:\xampp\htdocs\yiiframework\web\filters\CFilterChain.php(133): CController->runAction(Object(CInlineAction))
#22 C:\xampp\htdocs\yiiframework\web\filters\CFilter.php(40): CFilterChain->run()
#23 C:\xampp\htdocs\yiiframework\web\CController.php(1145): CFilter->filter(Object(CFilterChain))
#24 C:\xampp\htdocs\yiiframework\web\filters\CInlineFilter.php(58): CController->filterAccessControl(Object(CFilterChain))
#25 C:\xampp\htdocs\yiiframework\web\filters\CFilterChain.php(130): CInlineFilter->filter(Object(CFilterChain))
#26 C:\xampp\htdocs\yiiframework\web\CController.php(291): CFilterChain->run()
#27 C:\xampp\htdocs\yiiframework\web\CController.php(265): CController->runActionWithFilters(Object(CInlineAction), Array)
#28 C:\xampp\htdocs\yiiframework\web\CWebApplication.php(282): CController->run('index')
#29 C:\xampp\htdocs\yiiframework\web\CWebApplication.php(141): CWebApplication->runController('konten/index')
#30 C:\xampp\htdocs\yiiframework\base\CApplication.php(180): CWebApplication->processRequest()
#31 C:\xampp\htdocs\siapmasukui\index.php(13): CApplication->run()
#32 {main}
REQUEST_URI=/siapmasukui/index.php/konten/index
---
2014/03/23 03:32:44 [error] [exception.CException] exception 'CException' with message 'Property "Konten.kategori" is not defined.' in C:\xampp\htdocs\yiiframework\base\CComponent.php:130
Stack trace:
#0 C:\xampp\htdocs\yiiframework\db\ar\CActiveRecord.php(145): CComponent->__get('kategori')
#1 C:\xampp\htdocs\yiiframework\base\CComponent.php(612) : eval()'d code(1): CActiveRecord->__get('kategori')
#2 C:\xampp\htdocs\yiiframework\base\CComponent.php(612): eval()
#3 C:\xampp\htdocs\yiiframework\zii\widgets\grid\CDataColumn.php(137): CComponent->evaluateExpression('$data->kategori...', Array)
#4 C:\xampp\htdocs\yiiframework\zii\widgets\grid\CGridColumn.php(151): CDataColumn->renderDataCellContent(0, Object(Konten))
#5 C:\xampp\htdocs\yiiframework\zii\widgets\grid\CGridView.php(616): CGridColumn->renderDataCell(0)
#6 C:\xampp\htdocs\yiiframework\zii\widgets\grid\CGridView.php(572): CGridView->renderTableRow(0)
#7 C:\xampp\htdocs\yiiframework\zii\widgets\grid\CGridView.php(482): CGridView->renderTableBody()
#8 C:\xampp\htdocs\yiiframework\zii\widgets\CBaseListView.php(167): CGridView->renderItems()
#9 [internal function]: CBaseListView->renderSection(Array)
#10 C:\xampp\htdocs\yiiframework\zii\widgets\CBaseListView.php(150): preg_replace_callback('/{(\w+)}/', Array, '{summary}?{item...')
#11 C:\xampp\htdocs\yiiframework\zii\widgets\CBaseListView.php(135): CBaseListView->renderContent()
#12 C:\xampp\htdocs\yiiframework\web\CBaseController.php(173): CBaseListView->run()
#13 C:\xampp\htdocs\siapmasukui\protected\views\konten\admin.php(52): CBaseController->widget('zii.widgets.gri...', Array)
#14 C:\xampp\htdocs\yiiframework\web\CBaseController.php(126): require('C:\xampp\htdocs...')
#15 C:\xampp\htdocs\yiiframework\web\CBaseController.php(95): CBaseController->renderInternal('C:\xampp\htdocs...', Array, true)
#16 C:\xampp\htdocs\yiiframework\web\CController.php(869): CBaseController->renderFile('C:\xampp\htdocs...', Array, true)
#17 C:\xampp\htdocs\yiiframework\web\CController.php(782): CController->renderPartial('admin', Array, true)
#18 C:\xampp\htdocs\siapmasukui\protected\controllers\KontenController.php(132): CController->render('admin', Array)
#19 C:\xampp\htdocs\yiiframework\web\actions\CInlineAction.php(49): KontenController->actionIndex()
#20 C:\xampp\htdocs\yiiframework\web\CController.php(308): CInlineAction->runWithParams(Array)
#21 C:\xampp\htdocs\yiiframework\web\filters\CFilterChain.php(133): CController->runAction(Object(CInlineAction))
#22 C:\xampp\htdocs\yiiframework\web\filters\CFilter.php(40): CFilterChain->run()
#23 C:\xampp\htdocs\yiiframework\web\CController.php(1145): CFilter->filter(Object(CFilterChain))
#24 C:\xampp\htdocs\yiiframework\web\filters\CInlineFilter.php(58): CController->filterAccessControl(Object(CFilterChain))
#25 C:\xampp\htdocs\yiiframework\web\filters\CFilterChain.php(130): CInlineFilter->filter(Object(CFilterChain))
#26 C:\xampp\htdocs\yiiframework\web\CController.php(291): CFilterChain->run()
#27 C:\xampp\htdocs\yiiframework\web\CController.php(265): CController->runActionWithFilters(Object(CInlineAction), Array)
#28 C:\xampp\htdocs\yiiframework\web\CWebApplication.php(282): CController->run('index')
#29 C:\xampp\htdocs\yiiframework\web\CWebApplication.php(141): CWebApplication->runController('konten/index')
#30 C:\xampp\htdocs\yiiframework\base\CApplication.php(180): CWebApplication->processRequest()
#31 C:\xampp\htdocs\siapmasukui\index.php(13): CApplication->run()
#32 {main}
REQUEST_URI=/siapmasukui/index.php/konten/index
---
2014/03/23 03:33:20 [error] [exception.CException] exception 'CException' with message 'Property "Konten.Kategori" is not defined.' in C:\xampp\htdocs\yiiframework\base\CComponent.php:130
Stack trace:
#0 C:\xampp\htdocs\yiiframework\db\ar\CActiveRecord.php(145): CComponent->__get('Kategori')
#1 C:\xampp\htdocs\yiiframework\base\CComponent.php(612) : eval()'d code(1): CActiveRecord->__get('Kategori')
#2 C:\xampp\htdocs\yiiframework\base\CComponent.php(612): eval()
#3 C:\xampp\htdocs\yiiframework\zii\widgets\grid\CDataColumn.php(137): CComponent->evaluateExpression('$data->Kategori...', Array)
#4 C:\xampp\htdocs\yiiframework\zii\widgets\grid\CGridColumn.php(151): CDataColumn->renderDataCellContent(0, Object(Konten))
#5 C:\xampp\htdocs\yiiframework\zii\widgets\grid\CGridView.php(616): CGridColumn->renderDataCell(0)
#6 C:\xampp\htdocs\yiiframework\zii\widgets\grid\CGridView.php(572): CGridView->renderTableRow(0)
#7 C:\xampp\htdocs\yiiframework\zii\widgets\grid\CGridView.php(482): CGridView->renderTableBody()
#8 C:\xampp\htdocs\yiiframework\zii\widgets\CBaseListView.php(167): CGridView->renderItems()
#9 [internal function]: CBaseListView->renderSection(Array)
#10 C:\xampp\htdocs\yiiframework\zii\widgets\CBaseListView.php(150): preg_replace_callback('/{(\w+)}/', Array, '{summary}?{item...')
#11 C:\xampp\htdocs\yiiframework\zii\widgets\CBaseListView.php(135): CBaseListView->renderContent()
#12 C:\xampp\htdocs\yiiframework\web\CBaseController.php(173): CBaseListView->run()
#13 C:\xampp\htdocs\siapmasukui\protected\views\konten\admin.php(52): CBaseController->widget('zii.widgets.gri...', Array)
#14 C:\xampp\htdocs\yiiframework\web\CBaseController.php(126): require('C:\xampp\htdocs...')
#15 C:\xampp\htdocs\yiiframework\web\CBaseController.php(95): CBaseController->renderInternal('C:\xampp\htdocs...', Array, true)
#16 C:\xampp\htdocs\yiiframework\web\CController.php(869): CBaseController->renderFile('C:\xampp\htdocs...', Array, true)
#17 C:\xampp\htdocs\yiiframework\web\CController.php(782): CController->renderPartial('admin', Array, true)
#18 C:\xampp\htdocs\siapmasukui\protected\controllers\KontenController.php(132): CController->render('admin', Array)
#19 C:\xampp\htdocs\yiiframework\web\actions\CInlineAction.php(49): KontenController->actionIndex()
#20 C:\xampp\htdocs\yiiframework\web\CController.php(308): CInlineAction->runWithParams(Array)
#21 C:\xampp\htdocs\yiiframework\web\filters\CFilterChain.php(133): CController->runAction(Object(CInlineAction))
#22 C:\xampp\htdocs\yiiframework\web\filters\CFilter.php(40): CFilterChain->run()
#23 C:\xampp\htdocs\yiiframework\web\CController.php(1145): CFilter->filter(Object(CFilterChain))
#24 C:\xampp\htdocs\yiiframework\web\filters\CInlineFilter.php(58): CController->filterAccessControl(Object(CFilterChain))
#25 C:\xampp\htdocs\yiiframework\web\filters\CFilterChain.php(130): CInlineFilter->filter(Object(CFilterChain))
#26 C:\xampp\htdocs\yiiframework\web\CController.php(291): CFilterChain->run()
#27 C:\xampp\htdocs\yiiframework\web\CController.php(265): CController->runActionWithFilters(Object(CInlineAction), Array)
#28 C:\xampp\htdocs\yiiframework\web\CWebApplication.php(282): CController->run('index')
#29 C:\xampp\htdocs\yiiframework\web\CWebApplication.php(141): CWebApplication->runController('konten/index')
#30 C:\xampp\htdocs\yiiframework\base\CApplication.php(180): CWebApplication->processRequest()
#31 C:\xampp\htdocs\siapmasukui\index.php(13): CApplication->run()
#32 {main}
REQUEST_URI=/siapmasukui/index.php/konten/index
---
2014/03/23 03:38:58 [error] [exception.CException] exception 'CException' with message 'The attribute must be specified in the format of "Name:Type:Label", where "Type" and "Label" are optional.' in C:\xampp\htdocs\yiiframework\zii\widgets\CDetailView.php:183
Stack trace:
#0 C:\xampp\htdocs\yiiframework\web\CBaseController.php(173): CDetailView->run()
#1 C:\xampp\htdocs\siapmasukui\protected\views\konten\view.php(28): CBaseController->widget('zii.widgets.CDe...', Array)
#2 C:\xampp\htdocs\yiiframework\web\CBaseController.php(126): require('C:\xampp\htdocs...')
#3 C:\xampp\htdocs\yiiframework\web\CBaseController.php(95): CBaseController->renderInternal('C:\xampp\htdocs...', Array, true)
#4 C:\xampp\htdocs\yiiframework\web\CController.php(869): CBaseController->renderFile('C:\xampp\htdocs...', Array, true)
#5 C:\xampp\htdocs\yiiframework\web\CController.php(782): CController->renderPartial('view', Array, true)
#6 C:\xampp\htdocs\siapmasukui\protected\controllers\KontenController.php(56): CController->render('view', Array)
#7 [internal function]: KontenController->actionView('1')
#8 C:\xampp\htdocs\yiiframework\web\actions\CAction.php(108): ReflectionMethod->invokeArgs(Object(KontenController), Array)
#9 C:\xampp\htdocs\yiiframework\web\actions\CInlineAction.php(47): CAction->runWithParamsInternal(Object(KontenController), Object(ReflectionMethod), Array)
#10 C:\xampp\htdocs\yiiframework\web\CController.php(308): CInlineAction->runWithParams(Array)
#11 C:\xampp\htdocs\yiiframework\web\filters\CFilterChain.php(133): CController->runAction(Object(CInlineAction))
#12 C:\xampp\htdocs\yiiframework\web\filters\CFilter.php(40): CFilterChain->run()
#13 C:\xampp\htdocs\yiiframework\web\CController.php(1145): CFilter->filter(Object(CFilterChain))
#14 C:\xampp\htdocs\yiiframework\web\filters\CInlineFilter.php(58): CController->filterAccessControl(Object(CFilterChain))
#15 C:\xampp\htdocs\yiiframework\web\filters\CFilterChain.php(130): CInlineFilter->filter(Object(CFilterChain))
#16 C:\xampp\htdocs\yiiframework\web\CController.php(291): CFilterChain->run()
#17 C:\xampp\htdocs\yiiframework\web\CController.php(265): CController->runActionWithFilters(Object(CInlineAction), Array)
#18 C:\xampp\htdocs\yiiframework\web\CWebApplication.php(282): CController->run('view')
#19 C:\xampp\htdocs\yiiframework\web\CWebApplication.php(141): CWebApplication->runController('konten/view')
#20 C:\xampp\htdocs\yiiframework\base\CApplication.php(180): CWebApplication->processRequest()
#21 C:\xampp\htdocs\siapmasukui\index.php(13): CApplication->run()
#22 {main}
REQUEST_URI=/siapmasukui/index.php/konten/1
HTTP_REFERER=http://localhost/siapmasukui/index.php/konten
---
2014/03/23 03:39:29 [error] [php] Undefined variable: data (C:\xampp\htdocs\siapmasukui\protected\views\konten\view.php:26)
Stack trace:
#0 C:\xampp\htdocs\yiiframework\web\CController.php(869): KontenController->renderFile()
#1 C:\xampp\htdocs\yiiframework\web\CController.php(782): KontenController->renderPartial()
#2 C:\xampp\htdocs\siapmasukui\protected\controllers\KontenController.php(56): KontenController->render()
#3 unknown(0): KontenController->actionView()
#4 C:\xampp\htdocs\yiiframework\web\actions\CAction.php(108): ReflectionMethod->invokeArgs()
#5 C:\xampp\htdocs\yiiframework\web\actions\CInlineAction.php(47): CInlineAction->runWithParamsInternal()
#6 C:\xampp\htdocs\yiiframework\web\CController.php(308): CInlineAction->runWithParams()
#7 C:\xampp\htdocs\yiiframework\web\filters\CFilterChain.php(133): KontenController->runAction()
#8 C:\xampp\htdocs\yiiframework\web\filters\CFilter.php(40): CFilterChain->run()
#9 C:\xampp\htdocs\yiiframework\web\CController.php(1145): CAccessControlFilter->filter()
#10 C:\xampp\htdocs\yiiframework\web\filters\CInlineFilter.php(58): KontenController->filterAccessControl()
#11 C:\xampp\htdocs\yiiframework\web\filters\CFilterChain.php(130): CInlineFilter->filter()
#12 C:\xampp\htdocs\yiiframework\web\CController.php(291): CFilterChain->run()
#13 C:\xampp\htdocs\yiiframework\web\CController.php(265): KontenController->runActionWithFilters()
#14 C:\xampp\htdocs\yiiframework\web\CWebApplication.php(282): KontenController->run()
#15 C:\xampp\htdocs\yiiframework\web\CWebApplication.php(141): CWebApplication->runController()
#16 C:\xampp\htdocs\yiiframework\base\CApplication.php(180): CWebApplication->processRequest()
#17 C:\xampp\htdocs\siapmasukui\index.php(13): CWebApplication->run()
REQUEST_URI=/siapmasukui/index.php/konten/1
in C:\xampp\htdocs\siapmasukui\protected\views\konten\view.php (26)
in C:\xampp\htdocs\siapmasukui\protected\controllers\KontenController.php (56)
in C:\xampp\htdocs\siapmasukui\index.php (13)
2014/03/23 03:41:58 [error] [php] Undefined variable: data (C:\xampp\htdocs\siapmasukui\protected\views\konten\view.php:29)
Stack trace:
#0 C:\xampp\htdocs\yiiframework\web\CController.php(869): KontenController->renderFile()
#1 C:\xampp\htdocs\yiiframework\web\CController.php(782): KontenController->renderPartial()
#2 C:\xampp\htdocs\siapmasukui\protected\controllers\KontenController.php(56): KontenController->render()
#3 unknown(0): KontenController->actionView()
#4 C:\xampp\htdocs\yiiframework\web\actions\CAction.php(108): ReflectionMethod->invokeArgs()
#5 C:\xampp\htdocs\yiiframework\web\actions\CInlineAction.php(47): CInlineAction->runWithParamsInternal()
#6 C:\xampp\htdocs\yiiframework\web\CController.php(308): CInlineAction->runWithParams()
#7 C:\xampp\htdocs\yiiframework\web\filters\CFilterChain.php(133): KontenController->runAction()
#8 C:\xampp\htdocs\yiiframework\web\filters\CFilter.php(40): CFilterChain->run()
#9 C:\xampp\htdocs\yiiframework\web\CController.php(1145): CAccessControlFilter->filter()
#10 C:\xampp\htdocs\yiiframework\web\filters\CInlineFilter.php(58): KontenController->filterAccessControl()
#11 C:\xampp\htdocs\yiiframework\web\filters\CFilterChain.php(130): CInlineFilter->filter()
#12 C:\xampp\htdocs\yiiframework\web\CController.php(291): CFilterChain->run()
#13 C:\xampp\htdocs\yiiframework\web\CController.php(265): KontenController->runActionWithFilters()
#14 C:\xampp\htdocs\yiiframework\web\CWebApplication.php(282): KontenController->run()
#15 C:\xampp\htdocs\yiiframework\web\CWebApplication.php(141): CWebApplication->runController()
#16 C:\xampp\htdocs\yiiframework\base\CApplication.php(180): CWebApplication->processRequest()
#17 C:\xampp\htdocs\siapmasukui\index.php(13): CWebApplication->run()
REQUEST_URI=/siapmasukui/index.php/konten/1
in C:\xampp\htdocs\siapmasukui\protected\views\konten\view.php (29)
in C:\xampp\htdocs\siapmasukui\protected\controllers\KontenController.php (56)
in C:\xampp\htdocs\siapmasukui\index.php (13)
